<?xml version="1.0" encoding="UTF-8"?>
<!-- Generated by org.testng.reporters.JUnitReportReporter -->
<testsuite hostname="DESKTOP-ACUQNDS" failures="0" tests="1" name="google.GoogleTest" time="16.225" errors="0" timestamp="05 Aug 2021 12:22:33 GMT" skipped="0">
  <testcase classname="google.GoogleTest" name="getdata" time="16.225"/>
</testsuite> <!-- google.GoogleTest -->
